INFO: 2020-03-01 13:06:13,382: main() 'Using profile folder /home/sunan/.config/variety/'
INFO: 2020-03-01 13:06:13,383: perform_upgrade() 'Last run version was 0.8.2 or earlier, current version is 0.8.2'
INFO: 2020-03-01 13:06:13,557: process_command() 'Received command: []'
INFO: 2020-03-01 13:06:13,561: load_banned() 'Missing or invalid banned URLs list, no URLs will be banned'
INFO: 2020-03-01 13:06:13,573: start() 'Using data_path /usr/share/variety'
INFO: 2020-03-01 13:06:13,573: load() 'Jumble loading'
INFO: 2020-03-01 13:06:13,573: _walk_modules() 'Jumble loading module in __init__ from /usr/lib/python3.8/site-packages/variety/plugins/builtin/__init__.py'
INFO: 2020-03-01 13:06:13,574: _walk_modules() 'Jumble loading module in __init__ from /usr/lib/python3.8/site-packages/variety/plugins/builtin/quotes/__init__.py'
INFO: 2020-03-01 13:06:13,574: _walk_modules() 'Jumble loading module in LocalFilesSource from /usr/lib/python3.8/site-packages/variety/plugins/builtin/quotes/LocalFilesSource.py'
INFO: 2020-03-01 13:06:13,575: load() 'Jumble found plugin class: <class 'LocalFilesSource.LocalFilesSource'>: {'name': 'Local text files', 'description': 'Displays quotes, defined in local text files.\nPut your own txt files in: ~/.config/variety/pluginconfig/quotes/.\nThe file format is:\n\nquote -- author\n.\nsecond quote -- another author\n.\netc...\n\nExample: http://rvelthuis.de/zips/quotes.txt', 'author': 'Peter Levi', 'version': '0.1'}'
INFO: 2020-03-01 13:06:13,575: _walk_modules() 'Jumble loading module in QuotationsPageSource from /usr/lib/python3.8/site-packages/variety/plugins/builtin/quotes/QuotationsPageSource.py'
INFO: 2020-03-01 13:06:13,581: load() 'Jumble found plugin class: <class 'QuotationsPageSource.QuotationsPageSource'>: {'name': 'TheQuotationsPage.com', 'description': 'Fetches quotes from TheQuotationsPage.com', 'author': 'Peter Levi', 'version': '0.1'}'
INFO: 2020-03-01 13:06:13,581: _walk_modules() 'Jumble loading module in GoodreadsSource from /usr/lib/python3.8/site-packages/variety/plugins/builtin/quotes/GoodreadsSource.py'
INFO: 2020-03-01 13:06:13,581: load() 'Jumble found plugin class: <class 'GoodreadsSource.GoodreadsSource'>: {'name': 'Goodreads', 'description': 'Fetches quotes from Goodreads.com', 'author': 'Peter Levi', 'version': '0.1'}'
INFO: 2020-03-01 13:06:13,582: _walk_modules() 'Jumble loading module in UrbanDictionarySource from /usr/lib/python3.8/site-packages/variety/plugins/builtin/quotes/UrbanDictionarySource.py'
INFO: 2020-03-01 13:06:13,582: load() 'Jumble found plugin class: <class 'UrbanDictionarySource.UrbanDictionarySource'>: {'name': 'Urban Dictionary', 'description': 'Displays definitions from Urban Dictionary', 'author': 'James Miller', 'version': '0.1'}'
INFO: 2020-03-01 13:06:13,582: _walk_modules() 'Jumble loading module in FortuneSource from /usr/lib/python3.8/site-packages/variety/plugins/builtin/quotes/FortuneSource.py'
INFO: 2020-03-01 13:06:13,583: load() 'Jumble found plugin class: <class 'FortuneSource.FortuneSource'>: {'name': 'UNIX fortune program', 'description': 'Displays quotes using the UNIX fortune program. You may want to install additional fortune packs, e.g. fortunes-bofh-excuses.', 'author': 'Dan Jones', 'version': '0.1'}'
INFO: 2020-03-01 13:06:13,583: _walk_modules() 'Jumble loading module in ChromeOSWallpapersDownloader from /usr/lib/python3.8/site-packages/variety/plugins/builtin/downloaders/ChromeOSWallpapersDownloader.py'
INFO: 2020-03-01 13:06:13,583: load() 'Jumble found plugin class: <class 'ChromeOSWallpapersDownloader.ChromeOSWallpapersDownloader'>: {'name': 'ChromeOsWallpapersDownloader', 'description': 'Chrome OS Wallpapers', 'author': 'Peter Levi', 'version': '0.1'}'
INFO: 2020-03-01 13:06:13,584: _walk_modules() 'Jumble loading module in RedditDownloader from /usr/lib/python3.8/site-packages/variety/plugins/builtin/downloaders/RedditDownloader.py'
INFO: 2020-03-01 13:06:13,584: _walk_modules() 'Jumble loading module in __init__ from /usr/lib/python3.8/site-packages/variety/plugins/builtin/downloaders/__init__.py'
INFO: 2020-03-01 13:06:13,585: _walk_modules() 'Jumble loading module in UnsplashConfigurableSource from /usr/lib/python3.8/site-packages/variety/plugins/builtin/downloaders/UnsplashConfigurableSource.py'
INFO: 2020-03-01 13:06:13,586: load() 'Jumble found plugin class: <class 'UnsplashConfigurableSource.UnsplashConfigurableSource'>: {'name': 'UnsplashConfigurableSource', 'description': 'Configurable source for fetching photos from Unsplash.com', 'author': 'Peter Levi', 'version': '0.1'}'
INFO: 2020-03-01 13:06:13,586: _walk_modules() 'Jumble loading module in WallhavenSource from /usr/lib/python3.8/site-packages/variety/plugins/builtin/downloaders/WallhavenSource.py'
INFO: 2020-03-01 13:06:13,587: load() 'Jumble found plugin class: <class 'WallhavenSource.WallhavenSource'>: {'name': 'MediaRSSSource', 'description': 'Configurable source for fetching images from Wallhaven.cc', 'author': 'Peter Levi', 'version': '0.1'}'
INFO: 2020-03-01 13:06:13,587: _walk_modules() 'Jumble loading module in EarthviewDownloader from /usr/lib/python3.8/site-packages/variety/plugins/builtin/downloaders/EarthviewDownloader.py'
INFO: 2020-03-01 13:06:13,587: load() 'Jumble found plugin class: <class 'EarthviewDownloader.EarthviewDownloader'>: {'name': 'EarthviewDownloader', 'description': 'Google Earth View Wallpapers', 'author': 'Peter Levi', 'version': '0.1'}'
INFO: 2020-03-01 13:06:13,588: _walk_modules() 'Jumble loading module in MediaRSSDownloader from /usr/lib/python3.8/site-packages/variety/plugins/builtin/downloaders/MediaRSSDownloader.py'
INFO: 2020-03-01 13:06:13,588: _walk_modules() 'Jumble loading module in EarthDownloader from /usr/lib/python3.8/site-packages/variety/plugins/builtin/downloaders/EarthDownloader.py'
INFO: 2020-03-01 13:06:13,589: load() 'Jumble found plugin class: <class 'EarthDownloader.EarthDownloader'>: {'name': 'EarthDownloader', 'description': 'World Sunlight Map - live wallpaper from Die.net', 'author': 'Peter Levi', 'version': '0.1'}'
INFO: 2020-03-01 13:06:13,589: _walk_modules() 'Jumble loading module in DesktopprDownloader from /usr/lib/python3.8/site-packages/variety/plugins/builtin/downloaders/DesktopprDownloader.py'
INFO: 2020-03-01 13:06:13,589: load() 'Jumble found plugin class: <class 'DesktopprDownloader.DesktopprDownloader'>: {'name': 'DesktopprDownloader', 'description': 'Random wallpapers from Desktoppr.co', 'author': 'Peter Levi', 'version': '0.1'}'
INFO: 2020-03-01 13:06:13,589: _walk_modules() 'Jumble loading module in UnsplashDownloader from /usr/lib/python3.8/site-packages/variety/plugins/builtin/downloaders/UnsplashDownloader.py'
INFO: 2020-03-01 13:06:13,590: load() 'Jumble found plugin class: <class 'UnsplashDownloader.UnsplashDownloader'>: {'name': 'UnsplashDownloader', 'description': 'High-resolution photos from Unsplash.com', 'author': 'Peter Levi', 'version': '0.1'}'
INFO: 2020-03-01 13:06:13,590: _walk_modules() 'Jumble loading module in MediaRSSSource from /usr/lib/python3.8/site-packages/variety/plugins/builtin/downloaders/MediaRSSSource.py'
INFO: 2020-03-01 13:06:13,591: load() 'Jumble found plugin class: <class 'MediaRSSSource.MediaRSSSource'>: {'name': 'MediaRSSSource', 'description': 'Configurable source for fetching images from MediaRSS feeds', 'author': 'Peter Levi', 'version': '0.1'}'
INFO: 2020-03-01 13:06:13,591: _walk_modules() 'Jumble loading module in BingDownloader from /usr/lib/python3.8/site-packages/variety/plugins/builtin/downloaders/BingDownloader.py'
INFO: 2020-03-01 13:06:13,591: load() 'Jumble found plugin class: <class 'BingDownloader.BingDownloader'>: {'name': 'BingDownloader', 'description': 'Bing Photo of the Day', 'author': 'Peter Levi', 'version': '0.1'}'
INFO: 2020-03-01 13:06:13,591: _walk_modules() 'Jumble loading module in WallhavenDownloader from /usr/lib/python3.8/site-packages/variety/plugins/builtin/downloaders/WallhavenDownloader.py'
INFO: 2020-03-01 13:06:13,592: _walk_modules() 'Jumble loading module in APODDownloader from /usr/lib/python3.8/site-packages/variety/plugins/builtin/downloaders/APODDownloader.py'
INFO: 2020-03-01 13:06:13,592: load() 'Jumble found plugin class: <class 'APODDownloader.APODDownloader'>: {'name': 'APODDownloader', 'description': 'NASA Astro Pic of the Day', 'author': 'Peter Levi', 'version': '0.1'}'
INFO: 2020-03-01 13:06:13,592: _walk_modules() 'Jumble loading module in RedditSource from /usr/lib/python3.8/site-packages/variety/plugins/builtin/downloaders/RedditSource.py'
INFO: 2020-03-01 13:06:13,593: load() 'Jumble found plugin class: <class 'RedditSource.RedditSource'>: {'name': 'RedditSource', 'description': 'Configurable source for fetching images from Reddit', 'author': 'Peter Levi', 'version': '0.1'}'
INFO: 2020-03-01 13:06:13,596: log_options() 'Loaded options:'
INFO: 2020-03-01 13:06:13,596: log_options() 'change_enabled = True'
INFO: 2020-03-01 13:06:13,596: log_options() 'change_interval = 60'
INFO: 2020-03-01 13:06:13,596: log_options() 'change_on_start = True'
INFO: 2020-03-01 13:06:13,596: log_options() 'clipboard_enabled = False'
INFO: 2020-03-01 13:06:13,596: log_options() 'clipboard_hosts = ['wallhaven.cc', 'wallpapers.net', 'flickr.com', 'imgur.com', 'deviantart.com', 'interfacelift.com', 'vladstudio.com', 'imageshack.us', 'deviantart.net', 'imageshack.com']'
INFO: 2020-03-01 13:06:13,596: log_options() 'clipboard_use_whitelist = True'
INFO: 2020-03-01 13:06:13,596: log_options() 'clock_date_font = Ubuntu Condensed, 30'
INFO: 2020-03-01 13:06:13,596: log_options() 'clock_enabled = True'
INFO: 2020-03-01 13:06:13,596: log_options() 'clock_filter = -density 100 -font `fc-match -f '%{file[0]}' '%CLOCK_FONT_NAME'` -pointsize %CLOCK_FONT_SIZE -gravity SouthEast -fill '#00000044' -annotate 0x0+[%HOFFSET+58]+[%VOFFSET+108] '%H:%M' -fill white -annotate 0x0+[%HOFFSET+60]+[%VOFFSET+110] '%H:%M' -font `fc-match -f '%{file[0]}' '%DATE_FONT_NAME'` -pointsize %DATE_FONT_SIZE -fill '#00000044' -annotate 0x0+[%HOFFSET+58]+[%VOFFSET+58] '%A, %B %d' -fill white -annotate 0x0+[%HOFFSET+60]+[%VOFFSET+60] '%A, %B %d''
INFO: 2020-03-01 13:06:13,596: log_options() 'clock_font = Ubuntu Condensed, 70'
INFO: 2020-03-01 13:06:13,596: log_options() 'configfile = /home/sunan/.config/variety/variety.conf'
INFO: 2020-03-01 13:06:13,596: log_options() 'copyto_enabled = False'
INFO: 2020-03-01 13:06:13,597: log_options() 'copyto_folder = Default'
INFO: 2020-03-01 13:06:13,597: log_options() 'desired_color = [160, 160, 160]'
INFO: 2020-03-01 13:06:13,597: log_options() 'desired_color_enabled = False'
INFO: 2020-03-01 13:06:13,597: log_options() 'download_folder = /home/sunan/.config/variety/Downloaded'
INFO: 2020-03-01 13:06:13,597: log_options() 'download_preference_ratio = 0.9'
INFO: 2020-03-01 13:06:13,597: log_options() 'favorites_folder = /home/sunan/.config/variety/Favorites'
INFO: 2020-03-01 13:06:13,597: log_options() 'favorites_operations = [['Downloaded', 'Copy'], ['Fetched', 'Move'], ['Others', 'Copy']]'
INFO: 2020-03-01 13:06:13,597: log_options() 'fetched_folder = /home/sunan/.config/variety/Fetched'
INFO: 2020-03-01 13:06:13,597: log_options() 'filters = [[False, 'Keep original', ''], [False, 'Grayscale', '-type Grayscale'], [False, 'Heavy blur', '-blur 120x40'], [False, 'Soft blur', '-blur 20x7'], [False, 'Oil painting', '-paint 8'], [False, 'Pointilism', '-spread 10 -noise 3'], [False, 'Pixellate', '-scale 3% -scale 3333%']]'
INFO: 2020-03-01 13:06:13,597: log_options() 'icon = Light'
INFO: 2020-03-01 13:06:13,597: log_options() 'lightness_enabled = True'
INFO: 2020-03-01 13:06:13,597: log_options() 'lightness_mode = 1'
INFO: 2020-03-01 13:06:13,597: log_options() 'min_rating = 4'
INFO: 2020-03-01 13:06:13,597: log_options() 'min_rating_enabled = False'
INFO: 2020-03-01 13:06:13,597: log_options() 'min_size = 100'
INFO: 2020-03-01 13:06:13,597: log_options() 'min_size_enabled = True'
INFO: 2020-03-01 13:06:13,597: log_options() 'quota_enabled = True'
INFO: 2020-03-01 13:06:13,597: log_options() 'quota_size = 1000'
INFO: 2020-03-01 13:06:13,597: log_options() 'quotes_authors = '
INFO: 2020-03-01 13:06:13,597: log_options() 'quotes_bg_color = [80, 80, 80]'
INFO: 2020-03-01 13:06:13,597: log_options() 'quotes_bg_opacity = 55'
INFO: 2020-03-01 13:06:13,597: log_options() 'quotes_change_enabled = False'
INFO: 2020-03-01 13:06:13,597: log_options() 'quotes_change_interval = 300'
INFO: 2020-03-01 13:06:13,597: log_options() 'quotes_disabled_sources = ['Urban Dictionary']'
INFO: 2020-03-01 13:06:13,597: log_options() 'quotes_enabled = False'
INFO: 2020-03-01 13:06:13,597: log_options() 'quotes_favorites_file = /home/sunan/.config/variety/favorite_quotes.txt'
INFO: 2020-03-01 13:06:13,597: log_options() 'quotes_font = Bitstream Charter 30'
INFO: 2020-03-01 13:06:13,597: log_options() 'quotes_hpos = 100'
INFO: 2020-03-01 13:06:13,597: log_options() 'quotes_max_length = 250'
INFO: 2020-03-01 13:06:13,597: log_options() 'quotes_tags = '
INFO: 2020-03-01 13:06:13,597: log_options() 'quotes_text_color = [255, 255, 255]'
INFO: 2020-03-01 13:06:13,597: log_options() 'quotes_text_shadow = False'
INFO: 2020-03-01 13:06:13,597: log_options() 'quotes_vpos = 40'
INFO: 2020-03-01 13:06:13,597: log_options() 'quotes_width = 70'
INFO: 2020-03-01 13:06:13,598: log_options() 'safe_mode = False'
INFO: 2020-03-01 13:06:13,598: log_options() 'slideshow_custom_enabled = False'
INFO: 2020-03-01 13:06:13,598: log_options() 'slideshow_custom_folder = /home/sunan/Pictures'
INFO: 2020-03-01 13:06:13,598: log_options() 'slideshow_downloads_enabled = False'
INFO: 2020-03-01 13:06:13,598: log_options() 'slideshow_fade = 0.4'
INFO: 2020-03-01 13:06:13,598: log_options() 'slideshow_favorites_enabled = True'
INFO: 2020-03-01 13:06:13,598: log_options() 'slideshow_mode = Fullscreen'
INFO: 2020-03-01 13:06:13,598: log_options() 'slideshow_monitor = All'
INFO: 2020-03-01 13:06:13,598: log_options() 'slideshow_pan = 0.05'
INFO: 2020-03-01 13:06:13,598: log_options() 'slideshow_seconds = 6.0'
INFO: 2020-03-01 13:06:13,598: log_options() 'slideshow_sort_order = Random'
INFO: 2020-03-01 13:06:13,598: log_options() 'slideshow_sources_enabled = True'
INFO: 2020-03-01 13:06:13,598: log_options() 'slideshow_zoom = 0.2'
INFO: 2020-03-01 13:06:13,598: log_options() 'smart_enabled = False'
INFO: 2020-03-01 13:06:13,598: log_options() 'smart_notice_shown = False'
INFO: 2020-03-01 13:06:13,598: log_options() 'smart_register_shown = False'
INFO: 2020-03-01 13:06:13,598: log_options() 'sources = [[False, 'favorites', 'The Favorites folder'], [False, 'fetched', 'The Fetched folder'], [True, 'folder', '/usr/share/backgrounds'], [False, 'flickr', 'user:www.flickr.com/photos/peter-levi/;user_id:93647178@N00;'], [False, 'apod', "NASA's Astronomy Picture of the Day"], [False, 'bing', 'Bing Photo of the Day'], [False, 'chromeos', 'Chrome OS Wallpapers'], [False, 'desktoppr', 'Random wallpapers from Desktoppr.co'], [False, 'earth', 'World Sunlight Map - live wallpaper from Die.net'], [False, 'earthview', 'Google Earth View Wallpapers'], [False, 'unsplash', 'High-resolution photos from Unsplash.com']]'
INFO: 2020-03-01 13:06:13,598: log_options() 'stats_enabled = True'
INFO: 2020-03-01 13:06:13,598: log_options() 'stats_notice_shown = False'
INFO: 2020-03-01 13:06:13,598: log_options() 'sync_enabled = True'
INFO: 2020-03-01 13:06:13,598: log_options() 'use_landscape_enabled = False'
INFO: 2020-03-01 13:06:13,598: reload_config() 'No need to clear prepared queue'
INFO: 2020-03-01 13:06:13,598: clock_thread_method() 'clock thread running'
INFO: 2020-03-01 13:06:13,599: update_indicator() 'Setting file info to: /usr/share/backgrounds/manjaro.jpg'
INFO: 2020-03-01 13:06:13,599: load_last_change_time() 'Change interval < 6 hours, ignore persisted last_change_time, wait initially the whole interval: 60'
INFO: 2020-03-01 13:06:13,600: update_indicator() 'Setting file info to: /usr/share/backgrounds/manjaro.jpg'
INFO: 2020-03-01 13:06:13,600: regular_change_thread() 'regular_change thread running'
INFO: 2020-03-01 13:06:13,600: prepare_thread() 'Prepare thread running'
INFO: 2020-03-01 13:06:13,600: prepare_thread() 'Prepared buffer contains 0 images'
INFO: 2020-03-01 13:06:13,600: prepare_thread() 'Preparing some images'
INFO: 2020-03-01 13:06:13,700: do_set_wp() 'Calling do_set_wp with /usr/share/backgrounds/manjaro.jpg, time: 1583039173.7004893'
INFO: 2020-03-01 13:06:13,702: compute_trimmed_offsets() 'Trimmed offsets debug info: w:3840, h:1080, ratio:3.555556, iw:1920, ih:1080, scw:3840, sch:2160, ho:0, vo:540'
INFO: 2020-03-01 13:06:13,702: build_imagemagick_clock_cmd() 'Applying clock filter: -density 100 -font `fc-match -f '%{file[0]}' 'Ubuntu Condensed:,:70'` -pointsize 70 -gravity SouthEast -fill '#00000044' -annotate 0x0+58+648 '13:06' -fill white -annotate 0x0+60+650 '13:06' -font `fc-match -f '%{file[0]}' 'Ubuntu Condensed:,:30'` -pointsize 30 -fill '#00000044' -annotate 0x0+58+598 'Sunday, March 01' -fill white -annotate 0x0+60+600 'Sunday, March 01''
INFO: 2020-03-01 13:06:13,702: build_imagemagick_clock_cmd() 'ImageMagick clock cmd: convert /usr/share/backgrounds/manjaro.jpg -scale 3840x1080^ -density 100 -font `fc-match -f '%{file[0]}' 'Ubuntu Condensed:,:70'` -pointsize 70 -gravity SouthEast -fill '#00000044' -annotate 0x0+58+648 '13:06' -fill white -annotate 0x0+60+650 '13:06' -font `fc-match -f '%{file[0]}' 'Ubuntu Condensed:,:30'` -pointsize 30 -fill '#00000044' -annotate 0x0+58+598 'Sunday, March 01' -fill white -annotate 0x0+60+600 'Sunday, March 01' /home/sunan/.config/variety/wallpaper/wallpaper-clock-2526d508953216b9f6275908a9375161.jpg'
INFO: 2020-03-01 13:06:13,737: update_indicator_icon() 'Creating indicator'
WARNING: 2020-03-01 13:06:13,754: create_menu() 'Variety Slideshow is not installed. This is an optional extension adding pan-and-zoom slideshows to Variety: see https://github.com/peterlevi/variety-slideshow for details'
INFO: 2020-03-01 13:06:13,755: create_indicator() 'indicator backend: AppIndicator3'
INFO: 2020-03-01 13:06:13,785: set_from_theme_icon() 'Showing indicator icon variety-indicator from GTK theme'
INFO: 2020-03-01 13:06:14,310: update_indicator() 'Setting file info to: /usr/share/backgrounds/manjaro.jpg'
INFO: 2020-03-01 13:06:14,311: list_files() 'More than 1 files in the folders, stop listing'
INFO: 2020-03-01 13:06:14,601: clock_thread_method() 'clock_thread updates wallpaper'
INFO: 2020-03-01 13:06:14,700: do_set_wp() 'Calling do_set_wp with /usr/share/backgrounds/manjaro.jpg, time: 1583039174.7007468'
INFO: 2020-03-01 13:06:14,701: compute_trimmed_offsets() 'Trimmed offsets debug info: w:3840, h:1080, ratio:3.555556, iw:1920, ih:1080, scw:3840, sch:2160, ho:0, vo:540'
INFO: 2020-03-01 13:06:14,701: build_imagemagick_clock_cmd() 'Applying clock filter: -density 100 -font `fc-match -f '%{file[0]}' 'Ubuntu Condensed:,:70'` -pointsize 70 -gravity SouthEast -fill '#00000044' -annotate 0x0+58+648 '13:06' -fill white -annotate 0x0+60+650 '13:06' -font `fc-match -f '%{file[0]}' 'Ubuntu Condensed:,:30'` -pointsize 30 -fill '#00000044' -annotate 0x0+58+598 'Sunday, March 01' -fill white -annotate 0x0+60+600 'Sunday, March 01''
INFO: 2020-03-01 13:06:14,701: build_imagemagick_clock_cmd() 'ImageMagick clock cmd: convert /usr/share/backgrounds/manjaro.jpg -scale 3840x1080^ -density 100 -font `fc-match -f '%{file[0]}' 'Ubuntu Condensed:,:70'` -pointsize 70 -gravity SouthEast -fill '#00000044' -annotate 0x0+58+648 '13:06' -fill white -annotate 0x0+60+650 '13:06' -font `fc-match -f '%{file[0]}' 'Ubuntu Condensed:,:30'` -pointsize 30 -fill '#00000044' -annotate 0x0+58+598 'Sunday, March 01' -fill white -annotate 0x0+60+600 'Sunday, March 01' /home/sunan/.config/variety/wallpaper/wallpaper-clock-26a55fee4d22e37d2632a51586ae3237.jpg'
INFO: 2020-03-01 13:06:14,923: reload() 'Reloading preferences dialog'
INFO: 2020-03-01 13:06:14,948: download_one() 'Downloading world sunlight map from https://www.die.net/earth/'
INFO: 2020-03-01 13:06:14,948: save_locally() 'Origin URL: https://www.die.net/earth/'
INFO: 2020-03-01 13:06:14,948: save_locally() 'Image URL: https://static.die.net/earth/mercator/1600.jpg'
INFO: 2020-03-01 13:06:14,948: save_locally() 'Local path: /home/sunan/.config/variety/Downloaded/Earth/1600.jpg'
INFO: 2020-03-01 13:06:15,255: save_locally() 'Download failed from image URL: https://static.die.net/earth/mercator/1600.jpg (source location: https://www.die.net/earth/) '
ERROR: 2020-03-01 13:06:15,255: safe_unlink() 'Could not delete /home/sunan/.config/variety/Downloaded/Earth/1600.jpg.partial, ignoring'
Traceback (most recent call last):
  File "/usr/lib/python3.8/site-packages/variety/plugins/downloaders/DefaultDownloader.py", line 233, in save_locally
    r = Util.request(
  File "/usr/lib/python3.8/site-packages/variety/Util.py", line 622, in request
    r.raise_for_status()
  File "/usr/lib/python3.8/site-packages/requests/models.py", line 940, in raise_for_status
    raise HTTPError(http_error_msg, response=self)
requests.exceptions.HTTPError: 503 Server Error: Service Temporarily Unavailable for url: https://static.die.net/earth/mercator/1600.jpg

During handling of the above exception, another exception occurred:

Traceback (most recent call last):
  File "/usr/lib/python3.8/site-packages/variety/Util.py", line 880, in safe_unlink
    os.unlink(filepath)
FileNotFoundError: [Errno 2] No such file or directory: '/home/sunan/.config/variety/Downloaded/Earth/1600.jpg.partial'
INFO: 2020-03-01 13:06:15,332: update_indicator() 'Setting file info to: /usr/share/backgrounds/manjaro.jpg'
INFO: 2020-03-01 13:06:15,334: list_files() 'More than 1 files in the folders, stop listing'
WARNING: 2020-03-01 13:06:18,294: find_images() 'Too few images found: 2 out of 100'
ERROR: 2020-03-01 13:06:18,296: prepare_thread() 'Error in prepare thread:'
Traceback (most recent call last):
  File "/usr/lib/python3.8/site-packages/variety/VarietyWindow.py", line 1060, in prepare_thread
    self.find_images()
  File "/usr/lib/python3.8/site-packages/variety/VarietyWindow.py", line 1048, in find_images
    self.show_notification(
  File "/usr/lib/python3.8/site-packages/variety/VarietyWindow.py", line 1571, in show_notification
    self.notification.show()
gi.repository.GLib.GError: g-dbus-error-quark: GDBus.Error:org.freedesktop.DBus.Error.ServiceUnknown: The name org.freedesktop.Notifications was not provided by any .service files (2)
INFO: 2020-03-01 13:06:18,600: set_wallpaper() 'Calling set_wallpaper with /usr/share/backgrounds/wallpapers-2018/panorama-3629120.jpg'
INFO: 2020-03-01 13:06:18,601: do_set_wp() 'Calling do_set_wp with /usr/share/backgrounds/wallpapers-2018/panorama-3629120.jpg, time: 1583039178.601252'
INFO: 2020-03-01 13:06:18,601: prepare_thread() 'Prepared buffer contains 1 images'
INFO: 2020-03-01 13:06:18,601: prepare_thread() 'Preparing some images'
INFO: 2020-03-01 13:06:18,602: compute_trimmed_offsets() 'Trimmed offsets debug info: w:3840, h:1080, ratio:3.555556, iw:3840, ih:2160, scw:3840, sch:2160, ho:0, vo:540'
INFO: 2020-03-01 13:06:18,603: build_imagemagick_clock_cmd() 'Applying clock filter: -density 100 -font `fc-match -f '%{file[0]}' 'Ubuntu Condensed:,:70'` -pointsize 70 -gravity SouthEast -fill '#00000044' -annotate 0x0+58+648 '13:06' -fill white -annotate 0x0+60+650 '13:06' -font `fc-match -f '%{file[0]}' 'Ubuntu Condensed:,:30'` -pointsize 30 -fill '#00000044' -annotate 0x0+58+598 'Sunday, March 01' -fill white -annotate 0x0+60+600 'Sunday, March 01''
INFO: 2020-03-01 13:06:18,603: build_imagemagick_clock_cmd() 'ImageMagick clock cmd: convert /usr/share/backgrounds/wallpapers-2018/panorama-3629120.jpg -scale 3840x1080^ -density 100 -font `fc-match -f '%{file[0]}' 'Ubuntu Condensed:,:70'` -pointsize 70 -gravity SouthEast -fill '#00000044' -annotate 0x0+58+648 '13:06' -fill white -annotate 0x0+60+650 '13:06' -font `fc-match -f '%{file[0]}' 'Ubuntu Condensed:,:30'` -pointsize 30 -fill '#00000044' -annotate 0x0+58+598 'Sunday, March 01' -fill white -annotate 0x0+60+600 'Sunday, March 01' /home/sunan/.config/variety/wallpaper/wallpaper-clock-a5f5767f107a5ca005665ca7f05a4b11.jpg'
INFO: 2020-03-01 13:06:19,156: update_indicator() 'Setting file info to: /usr/share/backgrounds/wallpapers-2018/panorama-3629120.jpg'
INFO: 2020-03-01 13:06:19,157: list_files() 'More than 1 files in the folders, stop listing'
WARNING: 2020-03-01 13:06:19,938: find_images() 'Too few images found: 2 out of 100'
INFO: 2020-03-01 13:06:19,938: prepare_thread() 'After search prepared buffer contains 2 images'
INFO: 2020-03-01 13:06:21,939: trigger_download() 'Triggering download thread to check if download needed'
INFO: 2020-03-01 13:06:33,619: server_options_thread() 'Fetching server options from http://tiny.cc/variety-options-063'
